<?xml version="1.0" encoding="UTF-8"?>
<!-- Generated by org.testng.reporters.JUnitReportReporter -->
<testsuite skipped="2" hostname="DESKTOP-TJT4TIP" name="com.bruteforce.test.fahimTest" tests="3" failures="0" timestamp="02 Jun 2017 01:28:48 GMT" time="31.597" errors="0">
  <testcase name="createNewAccount" time="31.597" classname="com.bruteforce.test.fahimTest"/>
  <testcase name="existingEmail" classname="com.bruteforce.test.fahimTest">
    <skipped/>
  </testcase> <!-- existingEmail -->
  <testcase name="invalidEmail" classname="com.bruteforce.test.fahimTest">
    <skipped/>
  </testcase> <!-- invalidEmail -->
</testsuite> <!-- com.bruteforce.test.fahimTest -->
