<?xml version="1.0" encoding="UTF-8"?>
<!-- Generated by org.testng.reporters.JUnitReportReporter -->
<testsuite skipped="2" hostname="DESKTOP-TJT4TIP" name="com.bruteforce.test.fahimTest" tests="3" failures="0" timestamp="08 Jun 2017 01:16:41 GMT" time="23.168" errors="0">
  <testcase name="createNewAccount" time="23.168" classname="com.bruteforce.test.fahimTest"/>
  <testcase name="invalidEmail" classname="com.bruteforce.test.fahimTest">
    <skipped/>
  </testcase> <!-- invalidEmail -->
  <testcase name="existingEmail" classname="com.bruteforce.test.fahimTest">
    <skipped/>
  </testcase> <!-- existingEmail -->
</testsuite> <!-- com.bruteforce.test.fahimTest -->
